2019-04-14 15:33:42.435  INFO 3924 --- [main] c.g.s.SpringbootdemoApplicationTests     : Starting SpringbootdemoApplicationTests on DESKTOP-NR7P49G with PID 3924 (started by gds in G:\IdeaProjects\springbootdemo)
2019-04-14 15:33:42.442 DEBUG 3924 --- [main] c.g.s.SpringbootdemoApplicationTests     : Running with Spring Boot v2.1.3.RELEASE, Spring v5.1.5.RELEASE
2019-04-14 15:33:42.446  INFO 3924 --- [main] c.g.s.SpringbootdemoApplicationTests     : No active profile set, falling back to default profiles: default
2019-04-14 15:33:45.598  INFO 3924 --- [main] o.s.s.concurrent.ThreadPoolTaskExecutor  : Initializing ExecutorService 'applicationTaskExecutor'
2019-04-14 15:33:45.990  INFO 3924 --- [main] o.s.b.a.w.s.WelcomePageHandlerMapping    : Adding welcome page template: index
2019-04-14 15:33:46.189  INFO 3924 --- [main] c.g.s.SpringbootdemoApplicationTests     : Started SpringbootdemoApplicationTests in 5.19 seconds (JVM running for 7.062)
2019-04-14 15:33:46.593 TRACE 3924 --- [main] c.g.s.SpringbootdemoApplicationTests     : 这是trace日志
2019-04-14 15:33:46.594 DEBUG 3924 --- [main] c.g.s.SpringbootdemoApplicationTests     : 这是debug日志
2019-04-14 15:33:46.594  INFO 3924 --- [main] c.g.s.SpringbootdemoApplicationTests     : 这是info日志
2019-04-14 15:33:46.594  WARN 3924 --- [main] c.g.s.SpringbootdemoApplicationTests     : 这是warn日志
2019-04-14 15:33:46.594 ERROR 3924 --- [main] c.g.s.SpringbootdemoApplicationTests     : 这是error日志
2019-04-14 15:33:46.603  INFO 3924 --- [Thread-3] o.s.s.concurrent.ThreadPoolTaskExecutor  : Shutting down ExecutorService 'applicationTaskExecutor'
2019-04-14 19:41:18.007  INFO 4968 --- [main] c.g.s.SpringbootdemoApplicationTests     : Starting SpringbootdemoApplicationTests on DESKTOP-NR7P49G with PID 4968 (started by gds in G:\IdeaProjects\springbootdemo)
2019-04-14 19:41:18.009 DEBUG 4968 --- [main] c.g.s.SpringbootdemoApplicationTests     : Running with Spring Boot v2.1.3.RELEASE, Spring v5.1.5.RELEASE
2019-04-14 19:41:18.012  INFO 4968 --- [main] c.g.s.SpringbootdemoApplicationTests     : No active profile set, falling back to default profiles: default
2019-04-14 19:41:22.072  INFO 4968 --- [main] o.s.s.concurrent.ThreadPoolTaskExecutor  : Initializing ExecutorService 'applicationTaskExecutor'
2019-04-14 19:41:22.497  INFO 4968 --- [main] o.s.b.a.w.s.WelcomePageHandlerMapping    : Adding welcome page template: index
2019-04-14 19:41:22.751  INFO 4968 --- [main] c.g.s.SpringbootdemoApplicationTests     : Started SpringbootdemoApplicationTests in 6.138 seconds (JVM running for 7.864)
2019-04-14 19:41:23.053 TRACE 4968 --- [main] c.g.s.SpringbootdemoApplicationTests     : 这是trace日志
2019-04-14 19:41:23.053 DEBUG 4968 --- [main] c.g.s.SpringbootdemoApplicationTests     : 这是debug日志
2019-04-14 19:41:23.053  INFO 4968 --- [main] c.g.s.SpringbootdemoApplicationTests     : 这是info日志
2019-04-14 19:41:23.054  WARN 4968 --- [main] c.g.s.SpringbootdemoApplicationTests     : 这是warn日志
2019-04-14 19:41:23.054 ERROR 4968 --- [main] c.g.s.SpringbootdemoApplicationTests     : 这是error日志
2019-04-14 19:41:23.065  INFO 4968 --- [Thread-3] o.s.s.concurrent.ThreadPoolTaskExecutor  : Shutting down ExecutorService 'applicationTaskExecutor'
